Notebook: /Users/cacslab/Desktop/TACC/Code/TACC/LSTMAutoencoder_OptunaAttackGroupCV.ipynb
Start time: 2026-05-11 00:08:14)

===== CELL 0 START =====
import copy
===== CELL 0 END (8.0s) =====

===== CELL 1 START =====
SEQ_LEN = 128
===== CELL 1 END (0.0s) =====

===== CELL 3 START =====
def build_attack_segments(df_attack: pd.DataFrame, context_pad_seconds: int):
===== CELL 3 END (0.3s) =====

===== CELL 4 START =====
scaler = MinMaxScaler()
===== CELL 4 END (7.6s) =====

===== CELL 5 START =====
train_dataset = TensorDataset(torch.from_numpy(X_train_seq), torch.from_numpy(np.zeros(len(X_train_seq), dtype=np.int64)
===== CELL 5 END (0.0s) =====

===== CELL 7 START =====
def get_search_space(trial):
===== CELL 7 END (0.0s) =====

===== CELL 8 START =====
class ConvFeatureExtractor(nn.Module):
===== CELL 8 END (0.0s) =====

===== CELL 9 START =====
# model = LSTMAutoencoder(
===== CELL 9 END (0.0s) =====

===== CELL 10 START =====
def train_one_epoch(model, loader, criterion, optimizer, device):
===== CELL 10 END (0.0s) =====

===== CELL 11 START =====
history = {"train_loss": [], "val_loss": []}
===== CELL 11 END (0.0s) =====

===== CELL 12 START =====
sampler = optuna.samplers.TPESampler(seed=RANDOM_SEED)
